<?xml version="1.0" encoding="UTF-8"?>
<testsuite xmlns:xsi="http://www.w3.org/2001/XMLSchema-instance" xsi:noNamespaceSchemaLocation="https://maven.apache.org/surefire/maven-surefire-plugin/xsd/surefire-test-report-3.0.xsd" version="3.0" name="ru.dimax.service.TaskServiceTest" time="4.513" tests="4" errors="0" skipped="0" failures="0">
  <properties>
[...]
</properties>
  <testcase name="itShouldThrowWhenRequestHasStartAndDeadlineEarlierThanBefore" classname="ru.dimax.service.TaskServiceTest" time="0.05">
    <system-out><![CDATA[2023-09-04 10:38:46.510  INFO 22984 --- [           main] .b.t.c.SpringBootTestContextBootstrapper : Neither @ContextConfiguration nor @ContextHierarchy found for test class [ru.dimax.service.TaskServiceTest], using SpringBootContextLoader
2023-09-04 10:38:46.511  INFO 22984 --- [           main] o.s.t.c.support.AbstractContextLoader    : Could not detect default resource locations for test class [ru.dimax.service.TaskServiceTest]: no resource found for suffixes {-context.xml, Context.groovy}.
2023-09-04 10:38:46.512  INFO 22984 --- [           main] t.c.s.AnnotationConfigContextLoaderUtils : Could not detect default configuration classes for test class [ru.dimax.service.TaskServiceTest]: TaskServiceTest does not declare any static, non-private, non-final, nested classes annotated with @Configuration.
2023-09-04 10:38:46.528  INFO 22984 --- [           main] .b.t.c.SpringBootTestContextBootstrapper : Found @SpringBootConfiguration ru.dimax.TaskApplication for test class ru.dimax.service.TaskServiceTest
2023-09-04 10:38:46.534  INFO 22984 --- [           main] .b.t.c.SpringBootTestContextBootstrapper : Loaded default TestExecutionListener class names from location [META-INF/spring.factories]: [org.springframework.boot.test.mock.mockito.MockitoTestExecutionListener, org.springframework.boot.test.mock.mockito.ResetMocksTestExecutionListener, org.springframework.boot.test.autoconfigure.restdocs.RestDocsTestExecutionListener, org.springframework.boot.test.autoconfigure.web.client.MockRestServiceServerResetTestExecutionListener, org.springframework.boot.test.autoconfigure.web.servlet.MockMvcPrintOnlyOnFailureTestExecutionListener, org.springframework.boot.test.autoconfigure.web.servlet.WebDriverTestExecutionListener, org.springframework.boot.test.autoconfigure.webservices.client.MockWebServiceServerTestExecutionListener, org.springframework.test.context.web.ServletTestExecutionListener, org.springframework.test.context.support.DirtiesContextBeforeModesTestExecutionListener, org.springframework.test.context.event.ApplicationEventsTestExecutionListener, org.springframework.test.context.support.DependencyInjectionTestExecutionListener, org.springframework.test.context.support.DirtiesContextTestExecutionListener, org.springframework.test.context.transaction.TransactionalTestExecutionListener, org.springframework.test.context.jdbc.SqlScriptsTestExecutionListener, org.springframework.test.context.event.EventPublishingTestExecutionListener]
2023-09-04 10:38:46.535  INFO 22984 --- [           main] .b.t.c.SpringBootTestContextBootstrapper : Using TestExecutionListeners: [org.springframework.test.context.web.ServletTestExecutionListener@56b48163, org.springframework.test.context.support.DirtiesContextBeforeModesTestExecutionListener@eb6ccbc, org.springframework.test.context.event.ApplicationEventsTestExecutionListener@5eae392d, org.springframework.boot.test.mock.mockito.MockitoTestExecutionListener@4cd1716d, org.springframework.boot.test.autoconfigure.SpringBootDependencyInjectionTestExecutionListener@3e1c5e0d, org.springframework.test.context.support.DirtiesContextTestExecutionListener@6f7a65e, org.springframework.test.context.transaction.TransactionalTestExecutionListener@29bf90fc, org.springframework.test.context.jdbc.SqlScriptsTestExecutionListener@6e22d6bf, org.springframework.test.context.event.EventPublishingTestExecutionListener@32121140, org.springframework.boot.test.mock.mockito.ResetMocksTestExecutionListener@96c840a, org.springframework.boot.test.autoconfigure.restdocs.RestDocsTestExecutionListener@5c81ddab, org.springframework.boot.test.autoconfigure.web.client.MockRestServiceServerResetTestExecutionListener@24ee6faa, org.springframework.boot.test.autoconfigure.web.servlet.MockMvcPrintOnlyOnFailureTestExecutionListener@6d4f266, org.springframework.boot.test.autoconfigure.web.servlet.WebDriverTestExecutionListener@6b756a62, org.springframework.boot.test.autoconfigure.webservices.client.MockWebServiceServerTestExecutionListener@394b9e22]

  .   ____          _            __ _ _
 /\\ / ___'_ __ _ _(_)_ __  __ _ \ \ \ \
( ( )\___ | '_ | '_| | '_ \/ _` | \ \ \ \
 \\/  ___)| |_)| | | | | || (_| |  ) ) ) )
  '  |____| .__|_| |_|_| |_\__, | / / / /
 =========|_|==============|___/=/_/_/_/
 :: Spring Boot ::                (v2.5.7)

2023-09-04 10:38:46.720  INFO 22984 --- [           main] ru.dimax.service.TaskServiceTest         : Starting TaskServiceTest using Java 18.0.2 on DESKTOP-AHSLN3P with PID 22984 (started by 1 in C:\Users\1\dev\GetTasked\tasks)
2023-09-04 10:38:46.720  INFO 22984 --- [           main] ru.dimax.service.TaskServiceTest         : The following profiles are active: dev
2023-09-04 10:38:46.723  WARN 22984 --- [           main] o.s.b.c.config.ConfigDataEnvironment     : Property 'spring.profiles' imported from location 'class path resource [application.yml]' is invalid and should be replaced with 'spring.config.activate.on-profile' [origin: class path resource [application.yml] - 30:13]
2023-09-04 10:38:46.723  WARN 22984 --- [           main] o.s.b.c.config.ConfigDataEnvironment     : Property 'spring.profiles' imported from location 'class path resource [application.yml]' is invalid and should be replaced with 'spring.config.activate.on-profile' [origin: class path resource [application.yml] - 11:13]
2023-09-04 10:38:47.296  INFO 22984 --- [           main] .s.d.r.c.RepositoryConfigurationDelegate : Bootstrapping Spring Data JPA repositories in DEFAULT mode.
2023-09-04 10:38:47.348  INFO 22984 --- [           main] .s.d.r.c.RepositoryConfigurationDelegate : Finished Spring Data repository scanning in 51 ms. Found 4 JPA repository interfaces.
2023-09-04 10:38:47.650  INFO 22984 --- [           main] com.zaxxer.hikari.HikariDataSource       : HikariPool-1 - Starting...
2023-09-04 10:38:47.947  INFO 22984 --- [           main] com.zaxxer.hikari.HikariDataSource       : HikariPool-1 - Start completed.
2023-09-04 10:38:48.017  INFO 22984 --- [           main] o.hibernate.jpa.internal.util.LogHelper  : HHH000204: Processing PersistenceUnitInfo [name: default]
2023-09-04 10:38:48.028  INFO 22984 --- [           main] org.hibernate.dialect.Dialect            : HHH000400: Using dialect: org.hibernate.dialect.PostgreSQLDialect
Hibernate: 
    
    alter table invites 
       drop constraint FKoghy46jb8uwtm09codd7gad7d
Hibernate: 
    
    alter table invites 
       drop constraint FK7g695j19v6a7911weymlf5dlj
Hibernate: 
    
    alter table invites 
       drop constraint FK84pdgxfoa9ivnuombqxq9ge3c
Hibernate: 
    
    alter table requests 
       drop constraint FKeoax2t4j9i61p9lmon3009tr4
Hibernate: 
    
    alter table requests 
       drop constraint FKqri6ch0bqo3518odone7o7m30
Hibernate: 
    
    alter table tasks 
       drop constraint FK6s1ob9k4ihi75xbxe2w0ylsdh
Hibernate: 
    
    alter table tasks_users 
       drop constraint FKn2y467x28diq8ets7kpcu9102
Hibernate: 
    
    alter table tasks_users 
       drop constraint FK8b66u37ia63m6fhmi2trrve38
Hibernate: 
    
    drop table if exists invites cascade
Hibernate: 
    
    drop table if exists requests cascade
Hibernate: 
    
    drop table if exists tasks cascade
Hibernate: 
    
    drop table if exists tasks_users cascade
Hibernate: 
    
    drop table if exists users cascade
Hibernate: 
    
    create table invites (
       id  serial not null,
        accepted boolean,
        comment varchar(500),
        invited_id int4,
        inviter_id int4,
        task_id int4,
        primary key (id)
    )
Hibernate: 
    
    create table requests (
       id  serial not null,
        active boolean,
        description varchar(500),
        requester_id int4,
        task_id int4,
        primary key (id)
    )
Hibernate: 
    
    create table tasks (
       id  serial not null,
        deadline timestamp not null,
        description varchar(2000) not null,
        name varchar(50) not null,
        start timestamp not null,
        status varchar(255),
        user_id int4,
        primary key (id)
    )
Hibernate: 
    
    create table tasks_users (
       tasks_id int4 not null,
        users_id int4 not null
    )
Hibernate: 
    
    create table users (
       id  serial not null,
        email varchar(50) not null,
        grade varchar(255),
        name varchar(50) not null,
        password varchar(255) not null,
        spec varchar(255),
        primary key (id)
    )
Hibernate: 
    
    alter table users 
       add constraint UK_6dotkott2kjsp8vw4d0m25fb7 unique (email)
Hibernate: 
    
    alter table invites 
       add constraint FKoghy46jb8uwtm09codd7gad7d 
       foreign key (invited_id) 
       references users
Hibernate: 
    
    alter table invites 
       add constraint FK7g695j19v6a7911weymlf5dlj 
       foreign key (inviter_id) 
       references users
Hibernate: 
    
    alter table invites 
       add constraint FK84pdgxfoa9ivnuombqxq9ge3c 
       foreign key (task_id) 
       references tasks
Hibernate: 
    
    alter table requests 
       add constraint FKeoax2t4j9i61p9lmon3009tr4 
       foreign key (requester_id) 
       references users
Hibernate: 
    
    alter table requests 
       add constraint FKqri6ch0bqo3518odone7o7m30 
       foreign key (task_id) 
       references tasks
Hibernate: 
    
    alter table tasks 
       add constraint FK6s1ob9k4ihi75xbxe2w0ylsdh 
       foreign key (user_id) 
       references users
Hibernate: 
    
    alter table tasks_users 
       add constraint FKn2y467x28diq8ets7kpcu9102 
       foreign key (users_id) 
       references users
Hibernate: 
    
    alter table tasks_users 
       add constraint FK8b66u37ia63m6fhmi2trrve38 
       foreign key (tasks_id) 
       references tasks
2023-09-04 10:38:48.293  INFO 22984 --- [           main] o.h.e.t.j.p.i.JtaPlatformInitiator       : HHH000490: Using JtaPlatform implementation: [org.hibernate.engine.transaction.jta.platform.internal.NoJtaPlatform]
2023-09-04 10:38:48.293  INFO 22984 --- [           main] j.LocalContainerEntityManagerFactoryBean : Initialized JPA EntityManagerFactory for persistence unit 'default'
2023-09-04 10:38:49.106  WARN 22984 --- [           main] JpaBaseConfiguration$JpaWebConfiguration : spring.jpa.open-in-view is enabled by default. Therefore, database queries may be performed during view rendering. Explicitly configure spring.jpa.open-in-view to disable this warning
2023-09-04 10:38:50.809  INFO 22984 --- [           main] ru.dimax.service.TaskServiceTest         : Started TaskServiceTest in 4.147 seconds (JVM running for 12.193)
]]></system-out>
  </testcase>
  <testcase name="itShouldCreateTask" classname="ru.dimax.service.TaskServiceTest" time="0.017">
    <system-out><![CDATA[2023-09-04 10:38:50.985  INFO 22984 --- [           main] ru.dimax.service.TaskService             : Task with id 1 created
]]></system-out>
  </testcase>
  <testcase name="itShouldUpdateTaskByAdmin" classname="ru.dimax.service.TaskServiceTest" time="0.01">
    <system-out><![CDATA[2023-09-04 10:38:51.004  INFO 22984 --- [           main] ru.dimax.service.TaskService             : Task with id 1 created
]]></system-out>
  </testcase>
  <testcase name="itShouldGetAllCurrentUserTasks" classname="ru.dimax.service.TaskServiceTest" time="0.007">
    <system-out><![CDATA[2023-09-04 10:38:51.014  INFO 22984 --- [           main] ru.dimax.service.TaskService             : Requested all current task for user with id 1
]]></system-out>
  </testcase>
</testsuite>